This is pdfTeX, Version 3.141592653-2.6-1.40.26 (TeX Live 2024) (preloaded format=pdflatex 2024.11.3)  4 NOV 2024 17:17
entering extended mode
 restricted \write18 enabled.
 %&-line parsing enabled.
**.\tailored_resume.tex
(c:/texlive/2024/texmf-dist/tex/latex/tools/s.tex
LaTeX2e <2024-11-01>
L3 programming layer <2024-10-09>
File ignored
)
*x

! LaTeX Error: Missing \begin{document}.

See the LaTeX manual or LaTeX Companion for explanation.
Type  H <return>  for immediate help.
 ...                                              
                                                  
<*> x
     
You're in trouble here.  Try typing  <return>  to proceed.
If that doesn't work, type  X <return>  to quit.

Missing character: There is no x in font nullfont!

*x
Missing character: There is no x in font nullfont!

*x
Missing character: There is no x in font nullfont!

*x
Missing character: There is no x in font nullfont!

*
! Emergency stop.
<*> 
    
End of file on the terminal!

 
Here is how much of TeX's memory you used:
 16 strings out of 473382
 455 string characters out of 5725273
 390108 words of memory out of 5000000
 23202 multiletter control sequences out of 15000+600000
 558069 words of font info for 36 fonts, out of 8000000 for 9000
 1141 hyphenation exceptions out of 8191
 14i,0n,18p,101b,14s stack positions out of 10000i,1000n,20000p,200000b,200000s
!  ==> Fatal error occurred, no output PDF file produced!
