This is XeTeX, Version 3.141592653-2.6-0.999996 (TeX Live 2024) (preloaded format=xelatex 2024.11.3)  5 NOV 2024 12:16
entering extended mode
 restricted \write18 enabled.
 %&-line parsing enabled.
**.\tailored_resume.tex
(c:/texlive/2024/texmf-dist/tex/latex/tools/x.tex
LaTeX2e <2024-11-01>
L3 programming layer <2024-10-09>

! .
l.38   \batchmode \errmessage{}
                               \csname @@end\endcsname \end
This error message was generated by an \errmessage
command, so I can't give any explicit help.
Pretend that you're Hercule Poirot: Examine all clues,
and deduce the truth by order and method.

 ) 
Here is how much of TeX's memory you used:
 15 strings out of 474015
 369 string characters out of 5737925
 384504 words of memory out of 5000000
 23016 multiletter control sequences out of 15000+600000
 558069 words of font info for 36 fonts, out of 8000000 for 9000
 1348 hyphenation exceptions out of 8191
 11i,0n,13p,101b,8s stack positions out of 10000i,1000n,20000p,200000b,200000s

No pages of output.
